e:\projects\c++\trinity\trinity\vendor\yaml-cpp\bin-int\debug-windows-x86_64\yaml-cpp\binary.obj
e:\projects\c++\trinity\trinity\vendor\yaml-cpp\bin-int\debug-windows-x86_64\yaml-cpp\depthguard.obj
e:\projects\c++\trinity\trinity\vendor\yaml-cpp\bin-int\debug-windows-x86_64\yaml-cpp\emitterstate.obj
e:\projects\c++\trinity\trinity\vendor\yaml-cpp\bin-int\debug-windows-x86_64\yaml-cpp\memory.obj
e:\projects\c++\trinity\trinity\vendor\yaml-cpp\bin-int\debug-windows-x86_64\yaml-cpp\nodebuilder.obj
e:\projects\c++\trinity\trinity\vendor\yaml-cpp\bin-int\debug-windows-x86_64\yaml-cpp\regex_yaml.obj
e:\projects\c++\trinity\trinity\vendor\yaml-cpp\bin-int\debug-windows-x86_64\yaml-cpp\scanscalar.obj
e:\projects\c++\trinity\trinity\vendor\yaml-cpp\bin-int\debug-windows-x86_64\yaml-cpp\stream.obj
e:\projects\c++\trinity\trinity\vendor\yaml-cpp\bin-int\debug-windows-x86_64\yaml-cpp\convert.obj
e:\projects\c++\trinity\trinity\vendor\yaml-cpp\bin-int\debug-windows-x86_64\yaml-cpp\emitter.obj
e:\projects\c++\trinity\trinity\vendor\yaml-cpp\bin-int\debug-windows-x86_64\yaml-cpp\exp.obj
e:\projects\c++\trinity\trinity\vendor\yaml-cpp\bin-int\debug-windows-x86_64\yaml-cpp\nodeevents.obj
e:\projects\c++\trinity\trinity\vendor\yaml-cpp\bin-int\debug-windows-x86_64\yaml-cpp\parse.obj
e:\projects\c++\trinity\trinity\vendor\yaml-cpp\bin-int\debug-windows-x86_64\yaml-cpp\scantoken.obj
e:\projects\c++\trinity\trinity\vendor\yaml-cpp\bin-int\debug-windows-x86_64\yaml-cpp\tag.obj
e:\projects\c++\trinity\trinity\vendor\yaml-cpp\bin-int\debug-windows-x86_64\yaml-cpp\graphbuilderadapter.obj
e:\projects\c++\trinity\trinity\vendor\yaml-cpp\bin-int\debug-windows-x86_64\yaml-cpp\directives.obj
e:\projects\c++\trinity\trinity\vendor\yaml-cpp\bin-int\debug-windows-x86_64\yaml-cpp\emitfromevents.obj
e:\projects\c++\trinity\trinity\vendor\yaml-cpp\bin-int\debug-windows-x86_64\yaml-cpp\exceptions.obj
e:\projects\c++\trinity\trinity\vendor\yaml-cpp\bin-int\debug-windows-x86_64\yaml-cpp\node.obj
e:\projects\c++\trinity\trinity\vendor\yaml-cpp\bin-int\debug-windows-x86_64\yaml-cpp\null.obj
e:\projects\c++\trinity\trinity\vendor\yaml-cpp\bin-int\debug-windows-x86_64\yaml-cpp\ostream_wrapper.obj
e:\projects\c++\trinity\trinity\vendor\yaml-cpp\bin-int\debug-windows-x86_64\yaml-cpp\scanner.obj
e:\projects\c++\trinity\trinity\vendor\yaml-cpp\bin-int\debug-windows-x86_64\yaml-cpp\simplekey.obj
e:\projects\c++\trinity\trinity\vendor\yaml-cpp\bin-int\debug-windows-x86_64\yaml-cpp\graphbuilder.obj
e:\projects\c++\trinity\trinity\vendor\yaml-cpp\bin-int\debug-windows-x86_64\yaml-cpp\emit.obj
e:\projects\c++\trinity\trinity\vendor\yaml-cpp\bin-int\debug-windows-x86_64\yaml-cpp\emitterutils.obj
e:\projects\c++\trinity\trinity\vendor\yaml-cpp\bin-int\debug-windows-x86_64\yaml-cpp\node_data.obj
e:\projects\c++\trinity\trinity\vendor\yaml-cpp\bin-int\debug-windows-x86_64\yaml-cpp\parser.obj
e:\projects\c++\trinity\trinity\vendor\yaml-cpp\bin-int\debug-windows-x86_64\yaml-cpp\scantag.obj
e:\projects\c++\trinity\trinity\vendor\yaml-cpp\bin-int\debug-windows-x86_64\yaml-cpp\singledocparser.obj
e:\projects\c++\trinity\trinity\vendor\yaml-cpp\bin\debug-windows-x86_64\yaml-cpp\yaml-cpp.pdb
e:\projects\c++\trinity\trinity\vendor\yaml-cpp\bin\debug-windows-x86_64\yaml-cpp\yaml-cpp.lib
e:\projects\c++\trinity\trinity\vendor\yaml-cpp\bin-int\debug-windows-x86_64\yaml-cpp\yaml-cpp.tlog\cl.11032.write.1.tlog
e:\projects\c++\trinity\trinity\vendor\yaml-cpp\bin-int\debug-windows-x86_64\yaml-cpp\yaml-cpp.tlog\cl.command.1.tlog
e:\projects\c++\trinity\trinity\vendor\yaml-cpp\bin-int\debug-windows-x86_64\yaml-cpp\yaml-cpp.tlog\cl.items.tlog
e:\projects\c++\trinity\trinity\vendor\yaml-cpp\bin-int\debug-windows-x86_64\yaml-cpp\yaml-cpp.tlog\cl.read.1.tlog
e:\projects\c++\trinity\trinity\vendor\yaml-cpp\bin-int\debug-windows-x86_64\yaml-cpp\yaml-cpp.tlog\lib-link.read.1.tlog
e:\projects\c++\trinity\trinity\vendor\yaml-cpp\bin-int\debug-windows-x86_64\yaml-cpp\yaml-cpp.tlog\lib-link.write.1.tlog
e:\projects\c++\trinity\trinity\vendor\yaml-cpp\bin-int\debug-windows-x86_64\yaml-cpp\yaml-cpp.tlog\lib.command.1.tlog
